<?xml version="1.0" encoding="utf-8"?>
<testsuites disabled="0" errors="0" failures="0" tests="5" time="6.651009559631348">
	<testsuite disabled="0" errors="0" failures="0" name="dbt (559d6ca9-9df2-418a-83b3-2cdd68e9bc5e)" skipped="0" tests="5" time="6.651009559631348">
		<testcase name="not_null_stg_jaffle_shop__orders_order_id.aad0410d08" time="1.088844" classname="test.jaffle_shop"/>
		<testcase name="not_null_stg_jaffle_shop__customers_customer_id.b4343d8610" time="1.388652" classname="test.jaffle_shop"/>
		<testcase name="accepted_values_stg_jaffle_shop__orders_order_status__completed__shipped__placed__returned__return_pending.3d48803ec0" time="1.289315" classname="test.jaffle_shop"/>
		<testcase name="unique_stg_jaffle_shop__customers_customer_id.231d91af86" time="1.590505" classname="test.jaffle_shop"/>
		<testcase name="unique_stg_jaffle_shop__orders_order_id.7f899b6afe" time="1.293694" classname="test.jaffle_shop"/>
	</testsuite>
</testsuites>
