# This is the CMakeCache file.
# For build in directory: e:/pyscr/pyser/cpp/cmake-build-debug-visual-studio
# It was generated by CMake: D:/CMake/bin/cmake.exe
# You can edit this file to change values found and used by cmake.
# If you do not want to change any of the values, simply exit the editor.
# If you do want to change a value, simply edit, save, and exit the editor.
# The syntax for the file is as follows:
# KEY:TYPE=VALUE
# KEY is the name of a variable in the cache.
# TYPE is a hint to GUIs for the type of VALUE, DO NOT EDIT TYPE!.
# VALUE is the current value for the KEY.

########################
# EXTERNAL cache entries
########################

//Path to a program.
CMAKE_AR:FILEPATH=D:/VS2022/BuildTools/VC/Tools/MSVC/14.44.35207/bin/Hostx64/x64/lib.exe

//Choose the type of build, options are: None Debug Release RelWithDebInfo
// MinSizeRel ...
CMAKE_BUILD_TYPE:STRING=Debug

//Enable colored diagnostics throughout.
CMAKE_COLOR_DIAGNOSTICS:BOOL=ON

//CXX compiler
CMAKE_CXX_COMPILER:FILEPATH=D:/VS2022/BuildTools/VC/Tools/MSVC/14.44.35207/bin/Hostx64/x64/cl.exe

//Flags used by the CXX compiler during all build types.
CMAKE_CXX_FLAGS:STRING=/DWIN32 /D_WINDOWS /EHsc

//Flags used by the CXX compiler during DEBUG builds.
CMAKE_CXX_FLAGS_DEBUG:STRING=/Ob0 /Od

//Flags used by the CXX compiler during MINSIZEREL builds.
CMAKE_CXX_FLAGS_MINSIZEREL:STRING=/O1 /Ob1 /DNDEBUG

//Flags used by the CXX compiler during RELEASE builds.
CMAKE_CXX_FLAGS_RELEASE:STRING=/O2 /Ob2 /DNDEBUG

//Flags used by the CXX compiler during RELWITHDEBINFO builds.
CMAKE_CXX_FLAGS_RELWITHDEBINFO:STRING=/O2 /Ob1 /DNDEBUG

//Libraries linked by default with all C++ applications.
CMAKE_CXX_STANDARD_LIBRARIES:STRING=kernel32.lib user32.lib gdi32.lib winspool.lib shell32.lib ole32.lib oleaut32.lib uuid.lib comdlg32.lib advapi32.lib

//C compiler
CMAKE_C_COMPILER:FILEPATH=D:/VS2022/BuildTools/VC/Tools/MSVC/14.44.35207/bin/Hostx64/x64/cl.exe

//Flags used by the C compiler during all build types.
CMAKE_C_FLAGS:STRING=/DWIN32 /D_WINDOWS

//Flags used by the C compiler during DEBUG builds.
CMAKE_C_FLAGS_DEBUG:STRING=/Ob0 /Od

//Flags used by the C compiler during MINSIZEREL builds.
CMAKE_C_FLAGS_MINSIZEREL:STRING=/O1 /Ob1 /DNDEBUG

//Flags used by the C compiler during RELEASE builds.
CMAKE_C_FLAGS_RELEASE:STRING=/O2 /Ob2 /DNDEBUG

//Flags used by the C compiler during RELWITHDEBINFO builds.
CMAKE_C_FLAGS_RELWITHDEBINFO:STRING=/O2 /Ob1 /DNDEBUG

//Libraries linked by default with all C applications.
CMAKE_C_STANDARD_LIBRARIES:STRING=kernel32.lib user32.lib gdi32.lib winspool.lib shell32.lib ole32.lib oleaut32.lib uuid.lib comdlg32.lib advapi32.lib

//Flags used by the linker during all build types.
CMAKE_EXE_LINKER_FLAGS:STRING=

//Flags used by the linker during DEBUG builds.
CMAKE_EXE_LINKER_FLAGS_DEBUG:STRING=/debug /INCREMENTAL

//Flags used by the linker during MINSIZEREL builds.
CMAKE_EXE_LINKER_FLAGS_MINSIZEREL:STRING=/INCREMENTAL:NO

//Flags used by the linker during RELEASE builds.
CMAKE_EXE_LINKER_FLAGS_RELEASE:STRING=/INCREMENTAL:NO

//Flags used by the linker during RELWITHDEBINFO builds.
CMAKE_EXE_LINKER_FLAGS_RELWITHDEBINFO:STRING=/debug /INCREMENTAL

//Enable/Disable output of build database during the build.
CMAKE_EXPORT_BUILD_DATABASE:BOOL=

//Enable/Disable output of compile commands during generation.
CMAKE_EXPORT_COMPILE_COMMANDS:BOOL=

//Value Computed by CMake.
CMAKE_FIND_PACKAGE_REDIRECTS_DIR:STATIC=E:/pyscr/pyser/cpp/cmake-build-debug-visual-studio/CMakeFiles/pkgRedirects

//Install path prefix, prepended onto install directories.
CMAKE_INSTALL_PREFIX:PATH=C:/Program Files (x86)/pyser

//Path to a program.
CMAKE_LINKER:FILEPATH=D:/VS2022/BuildTools/VC/Tools/MSVC/14.44.35207/bin/Hostx64/x64/link.exe

//No help, variable specified on the command line.
CMAKE_MAKE_PROGRAM:UNINITIALIZED=D:/Jetbrains/CLion/bin/ninja/win/x64/ninja.exe

//Flags used by the linker during the creation of modules during
// all build types.
CMAKE_MODULE_LINKER_FLAGS:STRING=

//Flags used by the linker during the creation of modules during
// DEBUG builds.
CMAKE_MODULE_LINKER_FLAGS_DEBUG:STRING=/debug /INCREMENTAL

//Flags used by the linker during the creation of modules during
// MINSIZEREL builds.
CMAKE_MODULE_LINKER_FLAGS_MINSIZEREL:STRING=/INCREMENTAL:NO

//Flags used by the linker during the creation of modules during
// RELEASE builds.
CMAKE_MODULE_LINKER_FLAGS_RELEASE:STRING=/INCREMENTAL:NO

//Flags used by the linker during the creation of modules during
// RELWITHDEBINFO builds.
CMAKE_MODULE_LINKER_FLAGS_RELWITHDEBINFO:STRING=/debug /INCREMENTAL

//Path to a program.
CMAKE_MT:FILEPATH=C:/Program Files (x86)/Windows Kits/10/bin/10.0.26100.0/x64/mt.exe

//Value Computed by CMake
CMAKE_PROJECT_COMPAT_VERSION:STATIC=

//Value Computed by CMake
CMAKE_PROJECT_DESCRIPTION:STATIC=

//Value Computed by CMake
CMAKE_PROJECT_HOMEPAGE_URL:STATIC=

//Value Computed by CMake
CMAKE_PROJECT_NAME:STATIC=pyser

//Value Computed by CMake
CMAKE_PROJECT_VERSION:STATIC=

//Value Computed by CMake
CMAKE_PROJECT_VERSION_MAJOR:STATIC=

//Value Computed by CMake
CMAKE_PROJECT_VERSION_MINOR:STATIC=

//Value Computed by CMake
CMAKE_PROJECT_VERSION_PATCH:STATIC=

//Value Computed by CMake
CMAKE_PROJECT_VERSION_TWEAK:STATIC=

//RC compiler
CMAKE_RC_COMPILER:FILEPATH=C:/Program Files (x86)/Windows Kits/10/bin/10.0.26100.0/x64/rc.exe

//Flags for Windows Resource Compiler during all build types.
CMAKE_RC_FLAGS:STRING=-DWIN32

//Flags for Windows Resource Compiler during DEBUG builds.
CMAKE_RC_FLAGS_DEBUG:STRING=-D_DEBUG

//Flags for Windows Resource Compiler during MINSIZEREL builds.
CMAKE_RC_FLAGS_MINSIZEREL:STRING=

//Flags for Windows Resource Compiler during RELEASE builds.
CMAKE_RC_FLAGS_RELEASE:STRING=

//Flags for Windows Resource Compiler during RELWITHDEBINFO builds.
CMAKE_RC_FLAGS_RELWITHDEBINFO:STRING=

//Flags used by the linker during the creation of shared libraries
// during all build types.
CMAKE_SHARED_LINKER_FLAGS:STRING=

//Flags used by the linker during the creation of shared libraries
// during DEBUG builds.
CMAKE_SHARED_LINKER_FLAGS_DEBUG:STRING=/debug /INCREMENTAL

//Flags used by the linker during the creation of shared libraries
// during MINSIZEREL builds.
CMAKE_SHARED_LINKER_FLAGS_MINSIZEREL:STRING=/INCREMENTAL:NO

//Flags used by the linker during the creation of shared libraries
// during RELEASE builds.
CMAKE_SHARED_LINKER_FLAGS_RELEASE:STRING=/INCREMENTAL:NO

//Flags used by the linker during the creation of shared libraries
// during RELWITHDEBINFO builds.
CMAKE_SHARED_LINKER_FLAGS_RELWITHDEBINFO:STRING=/debug /INCREMENTAL

//If set, runtime paths are not added when installing shared libraries,
// but are added when building.
CMAKE_SKIP_INSTALL_RPATH:BOOL=NO

//If set, runtime paths are not added when using shared libraries.
CMAKE_SKIP_RPATH:BOOL=NO

//Flags used by the archiver during the creation of static libraries
// during all build types.
CMAKE_STATIC_LINKER_FLAGS:STRING=

//Flags used by the archiver during the creation of static libraries
// during DEBUG builds.
CMAKE_STATIC_LINKER_FLAGS_DEBUG:STRING=

//Flags used by the archiver during the creation of static libraries
// during MINSIZEREL builds.
CMAKE_STATIC_LINKER_FLAGS_MINSIZEREL:STRING=

//Flags used by the archiver during the creation of static libraries
// during RELEASE builds.
CMAKE_STATIC_LINKER_FLAGS_RELEASE:STRING=

//Flags used by the archiver during the creation of static libraries
// during RELWITHDEBINFO builds.
CMAKE_STATIC_LINKER_FLAGS_RELWITHDEBINFO:STRING=

//No help, variable specified on the command line.
CMAKE_TOOLCHAIN_FILE:UNINITIALIZED=D:\VisualStudio2026\VC\vcpkg\scripts\buildsystems\vcpkg.cmake

//If this value is on, makefiles will be generated without the
// .SILENT directive, and all commands will be echoed to the console
// during the make.  This is useful for debugging only. With Visual
// Studio IDE projects all commands are done without /nologo.
CMAKE_VERBOSE_MAKEFILE:BOOL=FALSE

//Path to a file.
CPPCODEC_INCLUDE_DIRS:PATH=E:/pyscr/pyser/cpp/cmake-build-debug-visual-studio/vcpkg_installed/x64-windows/include

//Path to a library.
LIB_EAY_DEBUG:FILEPATH=E:/pyscr/pyser/cpp/cmake-build-debug-visual-studio/vcpkg_installed/x64-windows/debug/lib/libcrypto.lib

//Path to a library.
LIB_EAY_RELEASE:FILEPATH=E:/pyscr/pyser/cpp/cmake-build-debug-visual-studio/vcpkg_installed/x64-windows/lib/libcrypto.lib

//Path to a file.
OPENSSL_APPLINK_SOURCE:FILEPATH=E:/pyscr/pyser/cpp/cmake-build-debug-visual-studio/vcpkg_installed/x64-windows/include/openssl/applink.c

//Path to a file.
OPENSSL_INCLUDE_DIR:PATH=E:/pyscr/pyser/cpp/cmake-build-debug-visual-studio/vcpkg_installed/x64-windows/include

//Path to a library.
SSL_EAY_DEBUG:FILEPATH=E:/pyscr/pyser/cpp/cmake-build-debug-visual-studio/vcpkg_installed/x64-windows/debug/lib/libssl.lib

//Path to a library.
SSL_EAY_RELEASE:FILEPATH=E:/pyscr/pyser/cpp/cmake-build-debug-visual-studio/vcpkg_installed/x64-windows/lib/libssl.lib

//Automatically copy dependencies into the output directory for
// executables.
VCPKG_APPLOCAL_DEPS:BOOL=ON

//Additional options to bootstrap vcpkg
VCPKG_BOOTSTRAP_OPTIONS:STRING=

//The directory which contains the installed libraries for each
// triplet
VCPKG_INSTALLED_DIR:PATH=E:/pyscr/pyser/cpp/cmake-build-debug-visual-studio/vcpkg_installed

//Additional install options to pass to vcpkg
VCPKG_INSTALL_OPTIONS:STRING=

//The path to the vcpkg manifest directory.
VCPKG_MANIFEST_DIR:PATH=E:/pyscr/pyser/cpp

//Install the dependencies listed in your manifest:
//\n    If this is off, you will have to manually install your dependencies.
//\n    See https://github.com/microsoft/vcpkg/tree/master/docs/specifications/manifests.md
// for more info.
//\n
VCPKG_MANIFEST_INSTALL:BOOL=ON

//Use manifest mode, as opposed to classic mode.
VCPKG_MANIFEST_MODE:BOOL=ON

//Overlay ports to use for vcpkg install in manifest mode
VCPKG_OVERLAY_PORTS:STRING=

//Overlay triplets to use for vcpkg install in manifest mode
VCPKG_OVERLAY_TRIPLETS:STRING=

//Appends the vcpkg paths to CMAKE_PREFIX_PATH, CMAKE_LIBRARY_PATH
// and CMAKE_FIND_ROOT_PATH so that vcpkg libraries/packages are
// found after toolchain/system libraries/packages.
VCPKG_PREFER_SYSTEM_LIBS:BOOL=OFF

//Enable the setup of CMAKE_PROGRAM_PATH to vcpkg paths
VCPKG_SETUP_CMAKE_PROGRAM_PATH:BOOL=ON

//Vcpkg target triplet (ex. x86-windows)
VCPKG_TARGET_TRIPLET:STRING=x64-windows

//Trace calls to find_package()
VCPKG_TRACE_FIND_PACKAGE:BOOL=OFF

//Enables messages from the VCPKG toolchain for debugging purposes.
VCPKG_VERBOSE:BOOL=OFF

//(experimental) Automatically copy dependencies into the install
// target directory for executables. Requires CMake 3.14.
X_VCPKG_APPLOCAL_DEPS_INSTALL:BOOL=OFF

//(experimental) Add USES_TERMINAL to VCPKG_APPLOCAL_DEPS to force
// serialization.
X_VCPKG_APPLOCAL_DEPS_SERIALIZED:BOOL=OFF

//Path to a program.
Z_VCPKG_BUILTIN_POWERSHELL_PATH:FILEPATH=C:/Windows/System32/WindowsPowerShell/v1.0/powershell.exe

//Path to a program.
Z_VCPKG_CL:FILEPATH=D:/VS2022/BuildTools/VC/Tools/MSVC/14.44.35207/bin/Hostx64/x64/cl.exe

//Path to a program.
Z_VCPKG_PWSH_PATH:FILEPATH=Z_VCPKG_PWSH_PATH-NOTFOUND

//The directory which contains the installed libraries for each
// triplet
_VCPKG_INSTALLED_DIR:PATH=E:/pyscr/pyser/cpp/cmake-build-debug-visual-studio/vcpkg_installed

//The directory containing a CMake configuration file for nlohmann_json.
nlohmann_json_DIR:PATH=E:/pyscr/pyser/cpp/cmake-build-debug-visual-studio/vcpkg_installed/x64-windows/share/nlohmann_json

//Value Computed by CMake
pyser_BINARY_DIR:STATIC=E:/pyscr/pyser/cpp/cmake-build-debug-visual-studio

//Value Computed by CMake
pyser_IS_TOP_LEVEL:STATIC=ON

//Value Computed by CMake
pyser_SOURCE_DIR:STATIC=E:/pyscr/pyser/cpp

//The directory containing a CMake configuration file for zstd.
zstd_DIR:PATH=E:/pyscr/pyser/cpp/cmake-build-debug-visual-studio/vcpkg_installed/x64-windows/share/zstd


########################
# INTERNAL cache entries
########################

//ADVANCED property for variable: CMAKE_AR
CMAKE_AR-ADVANCED:INTERNAL=1
//This is the directory where this CMakeCache.txt was created
CMAKE_CACHEFILE_DIR:INTERNAL=e:/pyscr/pyser/cpp/cmake-build-debug-visual-studio
//Major version of cmake used to create the current loaded cache
CMAKE_CACHE_MAJOR_VERSION:INTERNAL=4
//Minor version of cmake used to create the current loaded cache
CMAKE_CACHE_MINOR_VERSION:INTERNAL=1
//Patch version of cmake used to create the current loaded cache
CMAKE_CACHE_PATCH_VERSION:INTERNAL=1
//Path to CMake executable.
CMAKE_COMMAND:INTERNAL=D:/CMake/bin/cmake.exe
//Path to cpack program executable.
CMAKE_CPACK_COMMAND:INTERNAL=D:/CMake/bin/cpack.exe
//Path to ctest program executable.
CMAKE_CTEST_COMMAND:INTERNAL=D:/CMake/bin/ctest.exe
//ADVANCED property for variable: CMAKE_CXX_COMPILER
CMAKE_CXX_COMPILER-ADVANCED:INTERNAL=1
//ADVANCED property for variable: CMAKE_CXX_FLAGS
CMAKE_CXX_FLAGS-ADVANCED:INTERNAL=1
//ADVANCED property for variable: CMAKE_CXX_FLAGS_DEBUG
CMAKE_CXX_FLAGS_DEBUG-ADVANCED:INTERNAL=1
//ADVANCED property for variable: CMAKE_CXX_FLAGS_MINSIZEREL
CMAKE_CXX_FLAGS_MINSIZEREL-ADVANCED:INTERNAL=1
//ADVANCED property for variable: CMAKE_CXX_FLAGS_RELEASE
CMAKE_CXX_FLAGS_RELEASE-ADVANCED:INTERNAL=1
//ADVANCED property for variable: CMAKE_CXX_FLAGS_RELWITHDEBINFO
CMAKE_CXX_FLAGS_RELWITHDEBINFO-ADVANCED:INTERNAL=1
//ADVANCED property for variable: CMAKE_CXX_STANDARD_LIBRARIES
CMAKE_CXX_STANDARD_LIBRARIES-ADVANCED:INTERNAL=1
//ADVANCED property for variable: CMAKE_C_COMPILER
CMAKE_C_COMPILER-ADVANCED:INTERNAL=1
//ADVANCED property for variable: CMAKE_C_FLAGS
CMAKE_C_FLAGS-ADVANCED:INTERNAL=1
//ADVANCED property for variable: CMAKE_C_FLAGS_DEBUG
CMAKE_C_FLAGS_DEBUG-ADVANCED:INTERNAL=1
//ADVANCED property for variable: CMAKE_C_FLAGS_MINSIZEREL
CMAKE_C_FLAGS_MINSIZEREL-ADVANCED:INTERNAL=1
//ADVANCED property for variable: CMAKE_C_FLAGS_RELEASE
CMAKE_C_FLAGS_RELEASE-ADVANCED:INTERNAL=1
//ADVANCED property for variable: CMAKE_C_FLAGS_RELWITHDEBINFO
CMAKE_C_FLAGS_RELWITHDEBINFO-ADVANCED:INTERNAL=1
//ADVANCED property for variable: CMAKE_C_STANDARD_LIBRARIES
CMAKE_C_STANDARD_LIBRARIES-ADVANCED:INTERNAL=1
//Path to cache edit program executable.
CMAKE_EDIT_COMMAND:INTERNAL=D:/CMake/bin/cmake-gui.exe
//Executable file format
CMAKE_EXECUTABLE_FORMAT:INTERNAL=Unknown
//ADVANCED property for variable: CMAKE_EXE_LINKER_FLAGS
CMAKE_EXE_LINKER_FLAGS-ADVANCED:INTERNAL=1
//ADVANCED property for variable: CMAKE_EXE_LINKER_FLAGS_DEBUG
CMAKE_EXE_LINKER_FLAGS_DEBUG-ADVANCED:INTERNAL=1
//ADVANCED property for variable: CMAKE_EXE_LINKER_FLAGS_MINSIZEREL
CMAKE_EXE_LINKER_FLAGS_MINSIZEREL-ADVANCED:INTERNAL=1
//ADVANCED property for variable: CMAKE_EXE_LINKER_FLAGS_RELEASE
CMAKE_EXE_LINKER_FLAGS_RELEASE-ADVANCED:INTERNAL=1
//ADVANCED property for variable: CMAKE_EXE_LINKER_FLAGS_RELWITHDEBINFO
CMAKE_EXE_LINKER_FLAGS_RELWITHDEBINFO-ADVANCED:INTERNAL=1
//ADVANCED property for variable: CMAKE_EXPORT_BUILD_DATABASE
CMAKE_EXPORT_BUILD_DATABASE-ADVANCED:INTERNAL=1
//ADVANCED property for variable: CMAKE_EXPORT_COMPILE_COMMANDS
CMAKE_EXPORT_COMPILE_COMMANDS-ADVANCED:INTERNAL=1
//Name of external makefile project generator.
CMAKE_EXTRA_GENERATOR:INTERNAL=
//Name of generator.
CMAKE_GENERATOR:INTERNAL=Ninja
//Generator instance identifier.
CMAKE_GENERATOR_INSTANCE:INTERNAL=
//Name of generator platform.
CMAKE_GENERATOR_PLATFORM:INTERNAL=
//Name of generator toolset.
CMAKE_GENERATOR_TOOLSET:INTERNAL=
//Source directory with the top level CMakeLists.txt file for this
// project
CMAKE_HOME_DIRECTORY:INTERNAL=E:/pyscr/pyser/cpp
//ADVANCED property for variable: CMAKE_LINKER
CMAKE_LINKER-ADVANCED:INTERNAL=1
//Name of CMakeLists files to read
CMAKE_LIST_FILE_NAME:INTERNAL=CMakeLists.txt
//ADVANCED property for variable: CMAKE_MODULE_LINKER_FLAGS
CMAKE_MODULE_LINKER_FLAGS-ADVANCED:INTERNAL=1
//ADVANCED property for variable: CMAKE_MODULE_LINKER_FLAGS_DEBUG
CMAKE_MODULE_LINKER_FLAGS_DEBUG-ADVANCED:INTERNAL=1
//ADVANCED property for variable: CMAKE_MODULE_LINKER_FLAGS_MINSIZEREL
CMAKE_MODULE_LINKER_FLAGS_MINSIZEREL-ADVANCED:INTERNAL=1
//ADVANCED property for variable: CMAKE_MODULE_LINKER_FLAGS_RELEASE
CMAKE_MODULE_LINKER_FLAGS_RELEASE-ADVANCED:INTERNAL=1
//ADVANCED property for variable: CMAKE_MODULE_LINKER_FLAGS_RELWITHDEBINFO
CMAKE_MODULE_LINKER_FLAGS_RELWITHDEBINFO-ADVANCED:INTERNAL=1
//ADVANCED property for variable: CMAKE_MT
CMAKE_MT-ADVANCED:INTERNAL=1
//number of local generators
CMAKE_NUMBER_OF_MAKEFILES:INTERNAL=1
//Platform information initialized
CMAKE_PLATFORM_INFO_INITIALIZED:INTERNAL=1
//noop for ranlib
CMAKE_RANLIB:INTERNAL=:
//ADVANCED property for variable: CMAKE_RC_COMPILER
CMAKE_RC_COMPILER-ADVANCED:INTERNAL=1
CMAKE_RC_COMPILER_WORKS:INTERNAL=1
//ADVANCED property for variable: CMAKE_RC_FLAGS
CMAKE_RC_FLAGS-ADVANCED:INTERNAL=1
//ADVANCED property for variable: CMAKE_RC_FLAGS_DEBUG
CMAKE_RC_FLAGS_DEBUG-ADVANCED:INTERNAL=1
//ADVANCED property for variable: CMAKE_RC_FLAGS_MINSIZEREL
CMAKE_RC_FLAGS_MINSIZEREL-ADVANCED:INTERNAL=1
//ADVANCED property for variable: CMAKE_RC_FLAGS_RELEASE
CMAKE_RC_FLAGS_RELEASE-ADVANCED:INTERNAL=1
//ADVANCED property for variable: CMAKE_RC_FLAGS_RELWITHDEBINFO
CMAKE_RC_FLAGS_RELWITHDEBINFO-ADVANCED:INTERNAL=1
//Path to CMake installation.
CMAKE_ROOT:INTERNAL=D:/CMake/share/cmake-4.1
//ADVANCED property for variable: CMAKE_SHARED_LINKER_FLAGS
CMAKE_SHARED_LINKER_FLAGS-ADVANCED:INTERNAL=1
//ADVANCED property for variable: CMAKE_SHARED_LINKER_FLAGS_DEBUG
CMAKE_SHARED_LINKER_FLAGS_DEBUG-ADVANCED:INTERNAL=1
//ADVANCED property for variable: CMAKE_SHARED_LINKER_FLAGS_MINSIZEREL
CMAKE_SHARED_LINKER_FLAGS_MINSIZEREL-ADVANCED:INTERNAL=1
//ADVANCED property for variable: CMAKE_SHARED_LINKER_FLAGS_RELEASE
CMAKE_SHARED_LINKER_FLAGS_RELEASE-ADVANCED:INTERNAL=1
//ADVANCED property for variable: CMAKE_SHARED_LINKER_FLAGS_RELWITHDEBINFO
CMAKE_SHARED_LINKER_FLAGS_RELWITHDEBINFO-ADVANCED:INTERNAL=1
//ADVANCED property for variable: CMAKE_SKIP_INSTALL_RPATH
CMAKE_SKIP_INSTALL_RPATH-ADVANCED:INTERNAL=1
//ADVANCED property for variable: CMAKE_SKIP_RPATH
CMAKE_SKIP_RPATH-ADVANCED:INTERNAL=1
//ADVANCED property for variable: CMAKE_STATIC_LINKER_FLAGS
CMAKE_STATIC_LINKER_FLAGS-ADVANCED:INTERNAL=1
//ADVANCED property for variable: CMAKE_STATIC_LINKER_FLAGS_DEBUG
CMAKE_STATIC_LINKER_FLAGS_DEBUG-ADVANCED:INTERNAL=1
//ADVANCED property for variable: CMAKE_STATIC_LINKER_FLAGS_MINSIZEREL
CMAKE_STATIC_LINKER_FLAGS_MINSIZEREL-ADVANCED:INTERNAL=1
//ADVANCED property for variable: CMAKE_STATIC_LINKER_FLAGS_RELEASE
CMAKE_STATIC_LINKER_FLAGS_RELEASE-ADVANCED:INTERNAL=1
//ADVANCED property for variable: CMAKE_STATIC_LINKER_FLAGS_RELWITHDEBINFO
CMAKE_STATIC_LINKER_FLAGS_RELWITHDEBINFO-ADVANCED:INTERNAL=1
//ADVANCED property for variable: CMAKE_TOOLCHAIN_FILE
CMAKE_TOOLCHAIN_FILE-ADVANCED:INTERNAL=1
//ADVANCED property for variable: CMAKE_VERBOSE_MAKEFILE
CMAKE_VERBOSE_MAKEFILE-ADVANCED:INTERNAL=1
//Details about finding OpenSSL
FIND_PACKAGE_MESSAGE_DETAILS_OpenSSL:INTERNAL=[optimized;E:/pyscr/pyser/cpp/cmake-build-debug-visual-studio/vcpkg_installed/x64-windows/lib/libcrypto.lib;debug;E:/pyscr/pyser/cpp/cmake-build-debug-visual-studio/vcpkg_installed/x64-windows/debug/lib/libcrypto.lib][E:/pyscr/pyser/cpp/cmake-build-debug-visual-studio/vcpkg_installed/x64-windows/include][ ][v3.5.1()]
//Details about finding Python3
FIND_PACKAGE_MESSAGE_DETAILS_Python3:INTERNAL=[D:/Python313/python.exe][D:/Python313/libs/python313.lib][D:/Python313/Include][found components: Interpreter Development Development.Module Development.Embed ][v3.13.7()]
//Details about finding nlohmann_json
FIND_PACKAGE_MESSAGE_DETAILS_nlohmann_json:INTERNAL=[E:/pyscr/pyser/cpp/cmake-build-debug-visual-studio/vcpkg_installed/x64-windows/share/nlohmann_json/nlohmann_jsonConfig.cmake][v3.12.0()]
//ADVANCED property for variable: OPENSSL_INCLUDE_DIR
OPENSSL_INCLUDE_DIR-ADVANCED:INTERNAL=1
//ADVANCED property for variable: VCPKG_VERBOSE
VCPKG_VERBOSE-ADVANCED:INTERNAL=1
//Making sure VCPKG_MANIFEST_MODE doesn't change
Z_VCPKG_CHECK_MANIFEST_MODE:INTERNAL=ON
//The path to the PowerShell implementation to use.
Z_VCPKG_POWERSHELL_PATH:INTERNAL=C:/Windows/System32/WindowsPowerShell/v1.0/powershell.exe
//Vcpkg root directory
Z_VCPKG_ROOT_DIR:INTERNAL=D:/VisualStudio2026/VC/vcpkg
//Compiler reason failure
_Python3_Compiler_REASON_FAILURE:INTERNAL=
_Python3_DEVELOPMENT_EMBED_SIGNATURE:INTERNAL=a8bf4c56a49c4fd9b75207c3858d688c
_Python3_DEVELOPMENT_MODULE_SIGNATURE:INTERNAL=a8bf4c56a49c4fd9b75207c3858d688c
//Development reason failure
_Python3_Development_REASON_FAILURE:INTERNAL=
//Path to a program.
_Python3_EXECUTABLE:INTERNAL=D:/Python313/python.exe
//Path to a program.
_Python3_EXECUTABLE_DEBUG:INTERNAL=_Python3_EXECUTABLE_DEBUG-NOTFOUND
//Path to a file.
_Python3_INCLUDE_DIR:INTERNAL=D:/Python313/Include
//Python3 Properties
_Python3_INTERPRETER_PROPERTIES:INTERNAL=Python;3;13;7;64;<none>;cp313-win_amd64;;D:\Python313\Lib;D:\Python313\Lib;D:\Python313\Lib\site-packages;D:\Python313\Lib\site-packages
_Python3_INTERPRETER_SIGNATURE:INTERNAL=8267bb2b77ec44b0fea4f0e5b81ed922
//Interpreter reason failure
_Python3_Interpreter_REASON_FAILURE:INTERNAL=
//Path to a library.
_Python3_LIBRARY_DEBUG:INTERNAL=_Python3_LIBRARY_DEBUG-NOTFOUND
//Path to a library.
_Python3_LIBRARY_RELEASE:INTERNAL=D:/Python313/libs/python313.lib
//NumPy reason failure
_Python3_NumPy_REASON_FAILURE:INTERNAL=
//Path to a library.
_Python3_RUNTIME_LIBRARY_RELEASE:INTERNAL=D:/Python313/python313.dll

