<?xml version="1.0" encoding="utf-8"?><testsuites name="pytest tests"><testsuite name="pytest" errors="0" failures="0" skipped="0" tests="50" time="0.159" timestamp="2025-12-30T12:03:36.920678+03:00" hostname="Abdullahs-MacBook-Pro.local"><testcase classname="tests.test_decoder" name="test_primitives" time="0.000" /><testcase classname="tests.test_decoder" name="test_string_unquoting" time="0.000" /><testcase classname="tests.test_decoder" name="test_root_tabular_array" time="0.000" /><testcase classname="tests.test_decoder" name="test_root_tabular_array_with_colon" time="0.000" /><testcase classname="tests.test_decoder" name="test_nested_tabular_array" time="0.000" /><testcase classname="tests.test_decoder" name="test_inline_csv_list" time="0.000" /><testcase classname="tests.test_decoder" name="test_standard_list_with_inline_dict" time="0.000" /><testcase classname="tests.test_decoder" name="test_adaptive_schema_fallback" time="0.000" /><testcase classname="tests.test_decoder" name="test_empty_input" time="0.000" /><testcase classname="tests.test_decoder" name="test_complex_mixed_structure" time="0.000" /><testcase classname="tests.test_decoder" name="test_numeric_edge_cases" time="0.000" /><testcase classname="tests.test_decoder" name="test_tabular_adaptive_fallback_and_short_rows" time="0.000" /><testcase classname="tests.test_decoder" name="test_quoted_csv_paths" time="0.000" /><testcase classname="tests.test_decoder" name="test_inline_dict_edge_cases" time="0.000" /><testcase classname="tests.test_decoder" name="test_indentation_termination" time="0.000" /><testcase classname="tests.test_decoder" name="test_malformed_lines_and_empty_blocks" time="0.000" /><testcase classname="tests.test_decoder" name="test_tabular_short_header_row_filling" time="0.000" /><testcase classname="tests.test_decoder" name="test_stop_iteration_in_loops" time="0.000" /><testcase classname="tests.test_decoder" name="test_scientific_notation" time="0.000" /><testcase classname="tests.test_decoder" name="test_tabular_primitive_conversion" time="0.000" /><testcase classname="tests.test_decoder" name="test_keys_mimicking_syntax" time="0.000" /><testcase classname="tests.test_decoder" name="test_whitespace_preservation_in_values" time="0.000" /><testcase classname="tests.test_decoder" name="test_inline_list_trailing_comma" time="0.000" /><testcase classname="tests.test_decoder" name="test_root_list_of_lists" time="0.000" /><testcase classname="tests.test_decoder" name="test_comment_like_strings" time="0.000" /><testcase classname="tests.test_decoder" name="test_tabular_edge_cases" time="0.000" /><testcase classname="tests.test_decoder" name="test_multiline_list_items" time="0.000" /><testcase classname="tests.test_decoder" name="test_tabular_ambiguous_first_row_types" time="0.000" /><testcase classname="tests.test_encoder" name="test_primitives[None-null]" time="0.000" /><testcase classname="tests.test_encoder" name="test_primitives[True-true]" time="0.000" /><testcase classname="tests.test_encoder" name="test_primitives[False-false]" time="0.000" /><testcase classname="tests.test_encoder" name="test_primitives[123-123]" time="0.000" /><testcase classname="tests.test_encoder" name="test_primitives[3.14-3.14]" time="0.000" /><testcase classname="tests.test_encoder" name="test_primitives[simple-simple]" time="0.000" /><testcase classname="tests.test_encoder" name="test_string_quoting_rules[-&quot;&quot;]" time="0.000" /><testcase classname="tests.test_encoder" name="test_string_quoting_rules[hello,world-&quot;hello,world&quot;]" time="0.000" /><testcase classname="tests.test_encoder" name="test_string_quoting_rules[line1\nline2-&quot;line1\nline2&quot;]" time="0.001" /><testcase classname="tests.test_encoder" name="test_string_quoting_rules[key:value-&quot;key:value&quot;]" time="0.001" /><testcase classname="tests.test_encoder" name="test_string_quoting_rules[[bracket]-&quot;[bracket]&quot;]" time="0.000" /><testcase classname="tests.test_encoder" name="test_string_quoting_rules[{brace}-&quot;{brace}&quot;]" time="0.000" /><testcase classname="tests.test_encoder" name="test_string_quoting_rules[  -&quot;  &quot;]" time="0.000" /><testcase classname="tests.test_encoder" name="test_empty_structures" time="0.000" /><testcase classname="tests.test_encoder" name="test_basic_dict" time="0.000" /><testcase classname="tests.test_encoder" name="test_tabular_list_optimization_root" time="0.000" /><testcase classname="tests.test_encoder" name="test_tabular_list_inside_dict" time="0.000" /><testcase classname="tests.test_encoder" name="test_tabular_list_multi_uniform_dict" time="0.000" /><testcase classname="tests.test_encoder" name="test_mixed_list_fallback" time="0.000" /><testcase classname="tests.test_encoder" name="test_nested_dictionaries" time="0.000" /><testcase classname="tests.test_encoder" name="test_complex_structure" time="0.000" /><testcase classname="tests.test_encoder" name="test_dumps_wrapper" time="0.000" /></testsuite></testsuites>